----------------------------------------------------------------
Mon Apr 11 02:06:46 UTC 2022:
Booting Derby version The Apache Software Foundation - Apache Derby - 10.15.2.0 - (1873585): instance a816c00e-0180-165f-9923-000007603bb0 
on database directory C:\Users\ediso\OneDrive\Documents\GitHub\WumboWhowies\wApplication\myDB with class loader jdk.internal.loader.ClassLoaders$AppClassLoader@7aec35a 
Loaded from file:/C:/Users/ediso/AppData/Roaming/JetBrains/IntelliJIdea2021.3/jdbc-drivers/Apache%20Derby/10.15.2.0/derby-10.15.2.0.jar
java.vendor=JetBrains s.r.o.
java.runtime.version=11.0.13+7-b1751.25
user.dir=C:\Users\ediso\OneDrive\Documents\GitHub\WumboWhowies
os.name=Windows 11
os.arch=amd64
os.version=10.0
derby.system.home=null

------------  Begin Shutdown Error Stack -------------

ERROR XSLA3: Log Corrupted, has invalid data in the log stream.
	at org.apache.derby.shared.common.error.StandardException.newException(StandardException.java:300)
	at org.apache.derby.impl.store.raw.log.Scan.getNextRecord(Scan.java:217)
	at org.apache.derby.impl.store.raw.log.FileLogger.redo(FileLogger.java:1175)
	at org.apache.derby.impl.store.raw.log.LogToFile.recover(LogToFile.java:917)
	at org.apache.derby.impl.store.raw.RawStore.boot(RawStore.java:339)
	at org.apache.derby.impl.services.monitor.BaseMonitor.boot(BaseMonitor.java:2002)
	at org.apache.derby.impl.services.monitor.TopService.bootModule(TopService.java:334)
	at org.apache.derby.impl.services.monitor.BaseMonitor.startModule(BaseMonitor.java:538)
	at org.apache.derby.impl.services.monitor.FileMonitor.startModule(FileMonitor.java:48)
	at org.apache.derby.iapi.services.monitor.Monitor.bootServiceModule(Monitor.java:460)
	at org.apache.derby.impl.store.access.RAMAccessManager$5.run(RAMAccessManager.java:1393)
	at java.base/java.security.AccessController.doPrivileged(Native Method)
	at org.apache.derby.impl.store.access.RAMAccessManager.bootServiceModule(RAMAccessManager.java:1387)
	at org.apache.derby.impl.store.access.RAMAccessManager.boot(RAMAccessManager.java:1039)
	at org.apache.derby.impl.services.monitor.BaseMonitor.boot(BaseMonitor.java:2002)
	at org.apache.derby.impl.services.monitor.TopService.bootModule(TopService.java:334)
	at org.apache.derby.impl.services.monitor.BaseMonitor.startModule(BaseMonitor.java:538)
	at org.apache.derby.impl.services.monitor.FileMonitor.startModule(FileMonitor.java:48)
	at org.apache.derby.iapi.services.monitor.Monitor.bootServiceModule(Monitor.java:460)
	at org.apache.derby.impl.db.BasicDatabase$5.run(BasicDatabase.java:1001)
	at java.base/java.security.AccessController.doPrivileged(Native Method)
	at org.apache.derby.impl.db.BasicDatabase.bootServiceModule(BasicDatabase.java:995)
	at org.apache.derby.impl.db.BasicDatabase.bootStore(BasicDatabase.java:777)
	at org.apache.derby.impl.db.BasicDatabase.boot(BasicDatabase.java:186)
	at org.apache.derby.impl.services.monitor.BaseMonitor.boot(BaseMonitor.java:2002)
	at org.apache.derby.impl.services.monitor.TopService.bootModule(TopService.java:334)
	at org.apache.derby.impl.services.monitor.BaseMonitor.bootService(BaseMonitor.java:1830)
	at org.apache.derby.impl.services.monitor.BaseMonitor.startProviderService(BaseMonitor.java:1696)
	at org.apache.derby.impl.services.monitor.BaseMonitor.findProviderAndStartService(BaseMonitor.java:1529)
	at org.apache.derby.impl.services.monitor.BaseMonitor.startPersistentService(BaseMonitor.java:999)
	at org.apache.derby.iapi.services.monitor.Monitor.startPersistentService(Monitor.java:598)
	at org.apache.derby.impl.jdbc.EmbedConnection$4.run(EmbedConnection.java:4042)
	at org.apache.derby.impl.jdbc.EmbedConnection$4.run(EmbedConnection.java:4038)
	at java.base/java.security.AccessController.doPrivileged(Native Method)
	at org.apache.derby.impl.jdbc.EmbedConnection.startPersistentService(EmbedConnection.java:4036)
	at org.apache.derby.impl.jdbc.EmbedConnection.bootDatabase(EmbedConnection.java:2816)
	at org.apache.derby.impl.jdbc.EmbedConnection.<init>(EmbedConnection.java:411)
	at org.apache.derby.iapi.jdbc.InternalDriver$1.run(InternalDriver.java:660)
	at org.apache.derby.iapi.jdbc.InternalDriver$1.run(InternalDriver.java:656)
	at java.base/java.security.AccessController.doPrivileged(Native Method)
	at org.apache.derby.iapi.jdbc.InternalDriver.getNewEmbedConnection(InternalDriver.java:654)
	at org.apache.derby.iapi.jdbc.InternalDriver.connect(InternalDriver.java:300)
	at org.apache.derby.iapi.jdbc.InternalDriver.connect(InternalDriver.java:967)
	at org.apache.derby.jdbc.EmbeddedDriver.connect(EmbeddedDriver.java:125)
	at com.intellij.database.remote.jdbc.helpers.JdbcHelperImpl.connect(JdbcHelperImpl.java:639)
	at com.intellij.database.remote.jdbc.impl.RemoteDriverImpl.connect(RemoteDriverImpl.java:54)
	at java.base/jdk.internal.reflect.NativeMethodAccessorImpl.invoke0(Native Method)
	at java.base/jdk.internal.reflect.NativeMethodAccessorImpl.invoke(NativeMethodAccessorImpl.java:62)
	at java.base/jdk.internal.reflect.DelegatingMethodAccessorImpl.invoke(DelegatingMethodAccessorImpl.java:43)
	at java.base/java.lang.reflect.Method.invoke(Method.java:566)
	at java.rmi/sun.rmi.server.UnicastServerRef.dispatch(UnicastServerRef.java:359)
	at java.rmi/sun.rmi.transport.Transport$1.run(Transport.java:200)
	at java.rmi/sun.rmi.transport.Transport$1.run(Transport.java:197)
	at java.base/java.security.AccessController.doPrivileged(Native Method)
	at java.rmi/sun.rmi.transport.Transport.serviceCall(Transport.java:196)
	at java.rmi/sun.rmi.transport.tcp.TCPTransport.handleMessages(TCPTransport.java:562)
	at java.rmi/sun.rmi.transport.tcp.TCPTransport$ConnectionHandler.run0(TCPTransport.java:796)
	at java.rmi/sun.rmi.transport.tcp.TCPTransport$ConnectionHandler.lambda$run$0(TCPTransport.java:677)
	at java.base/java.security.AccessController.doPrivileged(Native Method)
	at java.rmi/sun.rmi.transport.tcp.TCPTransport$ConnectionHandler.run(TCPTransport.java:676)
	at java.base/java.util.concurrent.ThreadPoolExecutor.runWorker(ThreadPoolExecutor.java:1128)
	at java.base/java.util.concurrent.ThreadPoolExecutor$Worker.run(ThreadPoolExecutor.java:628)
	at java.base/java.lang.Thread.run(Thread.java:829)
Caused by: java.io.IOException: The cloud operation was not completed before the time-out period expired
	at java.base/java.io.RandomAccessFile.read0(Native Method)
	at java.base/java.io.RandomAccessFile.read(RandomAccessFile.java:366)
	at java.base/java.io.RandomAccessFile.readInt(RandomAccessFile.java:832)
	at org.apache.derby.impl.store.raw.log.Scan.getNextRecordForward(Scan.java:625)
	at org.apache.derby.impl.store.raw.log.Scan.getNextRecord(Scan.java:206)
	... 61 more
============= begin nested exception, level (1) ===========
java.io.IOException: The cloud operation was not completed before the time-out period expired
	at java.base/java.io.RandomAccessFile.read0(Native Method)
	at java.base/java.io.RandomAccessFile.read(RandomAccessFile.java:366)
	at java.base/java.io.RandomAccessFile.readInt(RandomAccessFile.java:832)
	at org.apache.derby.impl.store.raw.log.Scan.getNextRecordForward(Scan.java:625)
	at org.apache.derby.impl.store.raw.log.Scan.getNextRecord(Scan.java:206)
	at org.apache.derby.impl.store.raw.log.FileLogger.redo(FileLogger.java:1175)
	at org.apache.derby.impl.store.raw.log.LogToFile.recover(LogToFile.java:917)
	at org.apache.derby.impl.store.raw.RawStore.boot(RawStore.java:339)
	at org.apache.derby.impl.services.monitor.BaseMonitor.boot(BaseMonitor.java:2002)
	at org.apache.derby.impl.services.monitor.TopService.bootModule(TopService.java:334)
	at org.apache.derby.impl.services.monitor.BaseMonitor.startModule(BaseMonitor.java:538)
	at org.apache.derby.impl.services.monitor.FileMonitor.startModule(FileMonitor.java:48)
	at org.apache.derby.iapi.services.monitor.Monitor.bootServiceModule(Monitor.java:460)
	at org.apache.derby.impl.store.access.RAMAccessManager$5.run(RAMAccessManager.java:1393)
	at java.base/java.security.AccessController.doPrivileged(Native Method)
	at org.apache.derby.impl.store.access.RAMAccessManager.bootServiceModule(RAMAccessManager.java:1387)
	at org.apache.derby.impl.store.access.RAMAccessManager.boot(RAMAccessManager.java:1039)
	at org.apache.derby.impl.services.monitor.BaseMonitor.boot(BaseMonitor.java:2002)
	at org.apache.derby.impl.services.monitor.TopService.bootModule(TopService.java:334)
	at org.apache.derby.impl.services.monitor.BaseMonitor.startModule(BaseMonitor.java:538)
	at org.apache.derby.impl.services.monitor.FileMonitor.startModule(FileMonitor.java:48)
	at org.apache.derby.iapi.services.monitor.Monitor.bootServiceModule(Monitor.java:460)
	at org.apache.derby.impl.db.BasicDatabase$5.run(BasicDatabase.java:1001)
	at java.base/java.security.AccessController.doPrivileged(Native Method)
	at org.apache.derby.impl.db.BasicDatabase.bootServiceModule(BasicDatabase.java:995)
	at org.apache.derby.impl.db.BasicDatabase.bootStore(BasicDatabase.java:777)
	at org.apache.derby.impl.db.BasicDatabase.boot(BasicDatabase.java:186)
	at org.apache.derby.impl.services.monitor.BaseMonitor.boot(BaseMonitor.java:2002)
	at org.apache.derby.impl.services.monitor.TopService.bootModule(TopService.java:334)
	at org.apache.derby.impl.services.monitor.BaseMonitor.bootService(BaseMonitor.java:1830)
	at org.apache.derby.impl.services.monitor.BaseMonitor.startProviderService(BaseMonitor.java:1696)
	at org.apache.derby.impl.services.monitor.BaseMonitor.findProviderAndStartService(BaseMonitor.java:1529)
	at org.apache.derby.impl.services.monitor.BaseMonitor.startPersistentService(BaseMonitor.java:999)
	at org.apache.derby.iapi.services.monitor.Monitor.startPersistentService(Monitor.java:598)
	at org.apache.derby.impl.jdbc.EmbedConnection$4.run(EmbedConnection.java:4042)
	at org.apache.derby.impl.jdbc.EmbedConnection$4.run(EmbedConnection.java:4038)
	at java.base/java.security.AccessController.doPrivileged(Native Method)
	at org.apache.derby.impl.jdbc.EmbedConnection.startPersistentService(EmbedConnection.java:4036)
	at org.apache.derby.impl.jdbc.EmbedConnection.bootDatabase(EmbedConnection.java:2816)
	at org.apache.derby.impl.jdbc.EmbedConnection.<init>(EmbedConnection.java:411)
	at org.apache.derby.iapi.jdbc.InternalDriver$1.run(InternalDriver.java:660)
	at org.apache.derby.iapi.jdbc.InternalDriver$1.run(InternalDriver.java:656)
	at java.base/java.security.AccessController.doPrivileged(Native Method)
	at org.apache.derby.iapi.jdbc.InternalDriver.getNewEmbedConnection(InternalDriver.java:654)
	at org.apache.derby.iapi.jdbc.InternalDriver.connect(InternalDriver.java:300)
	at org.apache.derby.iapi.jdbc.InternalDriver.connect(InternalDriver.java:967)
	at org.apache.derby.jdbc.EmbeddedDriver.connect(EmbeddedDriver.java:125)
	at com.intellij.database.remote.jdbc.helpers.JdbcHelperImpl.connect(JdbcHelperImpl.java:639)
	at com.intellij.database.remote.jdbc.impl.RemoteDriverImpl.connect(RemoteDriverImpl.java:54)
	at java.base/jdk.internal.reflect.NativeMethodAccessorImpl.invoke0(Native Method)
	at java.base/jdk.internal.reflect.NativeMethodAccessorImpl.invoke(NativeMethodAccessorImpl.java:62)
	at java.base/jdk.internal.reflect.DelegatingMethodAccessorImpl.invoke(DelegatingMethodAccessorImpl.java:43)
	at java.base/java.lang.reflect.Method.invoke(Method.java:566)
	at java.rmi/sun.rmi.server.UnicastServerRef.dispatch(UnicastServerRef.java:359)
	at java.rmi/sun.rmi.transport.Transport$1.run(Transport.java:200)
	at java.rmi/sun.rmi.transport.Transport$1.run(Transport.java:197)
	at java.base/java.security.AccessController.doPrivileged(Native Method)
	at java.rmi/sun.rmi.transport.Transport.serviceCall(Transport.java:196)
	at java.rmi/sun.rmi.transport.tcp.TCPTransport.handleMessages(TCPTransport.java:562)
	at java.rmi/sun.rmi.transport.tcp.TCPTransport$ConnectionHandler.run0(TCPTransport.java:796)
	at java.rmi/sun.rmi.transport.tcp.TCPTransport$ConnectionHandler.lambda$run$0(TCPTransport.java:677)
	at java.base/java.security.AccessController.doPrivileged(Native Method)
	at java.rmi/sun.rmi.transport.tcp.TCPTransport$ConnectionHandler.run(TCPTransport.java:676)
	at java.base/java.util.concurrent.ThreadPoolExecutor.runWorker(ThreadPoolExecutor.java:1128)
	at java.base/java.util.concurrent.ThreadPoolExecutor$Worker.run(ThreadPoolExecutor.java:628)
	at java.base/java.lang.Thread.run(Thread.java:829)
============= end nested exception, level (1) ===========


------------  End Shutdown Error Stack -------------

----------------------------------------------------------------
Mon Apr 11 02:06:46 UTC 2022:
Shutting down instance a816c00e-0180-165f-9923-000007603bb0 on database directory C:\Users\ediso\OneDrive\Documents\GitHub\WumboWhowies\wApplication\myDB with class loader jdk.internal.loader.ClassLoaders$AppClassLoader@7aec35a 
Mon Apr 11 02:06:46 UTC 2022 Thread[RMI TCP Connection(2)-127.0.0.1,5,RMI Runtime] Cleanup action starting
java.sql.SQLException: Failed to start database 'C:\Users\ediso\OneDrive\Documents\GitHub\WumboWhowies\wApplication\myDB' with class loader jdk.internal.loader.ClassLoaders$AppClassLoader@7aec35a, see the next exception for details.
	at org.apache.derby.impl.jdbc.SQLExceptionFactory.getSQLException(SQLExceptionFactory.java:115)
	at org.apache.derby.impl.jdbc.SQLExceptionFactory.getSQLException(SQLExceptionFactory.java:141)
	at org.apache.derby.impl.jdbc.Util.seeNextException(Util.java:252)
	at org.apache.derby.impl.jdbc.EmbedConnection.bootDatabase(EmbedConnection.java:2855)
	at org.apache.derby.impl.jdbc.EmbedConnection.<init>(EmbedConnection.java:411)
	at org.apache.derby.iapi.jdbc.InternalDriver$1.run(InternalDriver.java:660)
	at org.apache.derby.iapi.jdbc.InternalDriver$1.run(InternalDriver.java:656)
	at java.base/java.security.AccessController.doPrivileged(Native Method)
	at org.apache.derby.iapi.jdbc.InternalDriver.getNewEmbedConnection(InternalDriver.java:654)
	at org.apache.derby.iapi.jdbc.InternalDriver.connect(InternalDriver.java:300)
	at org.apache.derby.iapi.jdbc.InternalDriver.connect(InternalDriver.java:967)
	at org.apache.derby.jdbc.EmbeddedDriver.connect(EmbeddedDriver.java:125)
	at com.intellij.database.remote.jdbc.helpers.JdbcHelperImpl.connect(JdbcHelperImpl.java:639)
	at com.intellij.database.remote.jdbc.impl.RemoteDriverImpl.connect(RemoteDriverImpl.java:54)
	at java.base/jdk.internal.reflect.NativeMethodAccessorImpl.invoke0(Native Method)
	at java.base/jdk.internal.reflect.NativeMethodAccessorImpl.invoke(NativeMethodAccessorImpl.java:62)
	at java.base/jdk.internal.reflect.DelegatingMethodAccessorImpl.invoke(DelegatingMethodAccessorImpl.java:43)
	at java.base/java.lang.reflect.Method.invoke(Method.java:566)
	at java.rmi/sun.rmi.server.UnicastServerRef.dispatch(UnicastServerRef.java:359)
	at java.rmi/sun.rmi.transport.Transport$1.run(Transport.java:200)
	at java.rmi/sun.rmi.transport.Transport$1.run(Transport.java:197)
	at java.base/java.security.AccessController.doPrivileged(Native Method)
	at java.rmi/sun.rmi.transport.Transport.serviceCall(Transport.java:196)
	at java.rmi/sun.rmi.transport.tcp.TCPTransport.handleMessages(TCPTransport.java:562)
	at java.rmi/sun.rmi.transport.tcp.TCPTransport$ConnectionHandler.run0(TCPTransport.java:796)
	at java.rmi/sun.rmi.transport.tcp.TCPTransport$ConnectionHandler.lambda$run$0(TCPTransport.java:677)
	at java.base/java.security.AccessController.doPrivileged(Native Method)
	at java.rmi/sun.rmi.transport.tcp.TCPTransport$ConnectionHandler.run(TCPTransport.java:676)
	at java.base/java.util.concurrent.ThreadPoolExecutor.runWorker(ThreadPoolExecutor.java:1128)
	at java.base/java.util.concurrent.ThreadPoolExecutor$Worker.run(ThreadPoolExecutor.java:628)
	at java.base/java.lang.Thread.run(Thread.java:829)
Caused by: ERROR XJ040: Failed to start database 'C:\Users\ediso\OneDrive\Documents\GitHub\WumboWhowies\wApplication\myDB' with class loader jdk.internal.loader.ClassLoaders$AppClassLoader@7aec35a, see the next exception for details.
	at org.apache.derby.shared.common.error.StandardException.newException(StandardException.java:300)
	at org.apache.derby.impl.jdbc.SQLExceptionFactory.wrapArgsForTransportAcrossDRDA(SQLExceptionFactory.java:170)
	at org.apache.derby.impl.jdbc.SQLExceptionFactory.getSQLException(SQLExceptionFactory.java:75)
	... 30 more
Caused by: ERROR XSLA3: Log Corrupted, has invalid data in the log stream.
	at org.apache.derby.shared.common.error.StandardException.newException(StandardException.java:300)
	at org.apache.derby.impl.store.raw.log.Scan.getNextRecord(Scan.java:217)
	at org.apache.derby.impl.store.raw.log.FileLogger.redo(FileLogger.java:1175)
	at org.apache.derby.impl.store.raw.log.LogToFile.recover(LogToFile.java:917)
	at org.apache.derby.impl.store.raw.RawStore.boot(RawStore.java:339)
	at org.apache.derby.impl.services.monitor.BaseMonitor.boot(BaseMonitor.java:2002)
	at org.apache.derby.impl.services.monitor.TopService.bootModule(TopService.java:334)
	at org.apache.derby.impl.services.monitor.BaseMonitor.startModule(BaseMonitor.java:538)
	at org.apache.derby.impl.services.monitor.FileMonitor.startModule(FileMonitor.java:48)
	at org.apache.derby.iapi.services.monitor.Monitor.bootServiceModule(Monitor.java:460)
	at org.apache.derby.impl.store.access.RAMAccessManager$5.run(RAMAccessManager.java:1393)
	at java.base/java.security.AccessController.doPrivileged(Native Method)
	at org.apache.derby.impl.store.access.RAMAccessManager.bootServiceModule(RAMAccessManager.java:1387)
	at org.apache.derby.impl.store.access.RAMAccessManager.boot(RAMAccessManager.java:1039)
	at org.apache.derby.impl.services.monitor.BaseMonitor.boot(BaseMonitor.java:2002)
	at org.apache.derby.impl.services.monitor.TopService.bootModule(TopService.java:334)
	at org.apache.derby.impl.services.monitor.BaseMonitor.startModule(BaseMonitor.java:538)
	at org.apache.derby.impl.services.monitor.FileMonitor.startModule(FileMonitor.java:48)
	at org.apache.derby.iapi.services.monitor.Monitor.bootServiceModule(Monitor.java:460)
	at org.apache.derby.impl.db.BasicDatabase$5.run(BasicDatabase.java:1001)
	at java.base/java.security.AccessController.doPrivileged(Native Method)
	at org.apache.derby.impl.db.BasicDatabase.bootServiceModule(BasicDatabase.java:995)
	at org.apache.derby.impl.db.BasicDatabase.bootStore(BasicDatabase.java:777)
	at org.apache.derby.impl.db.BasicDatabase.boot(BasicDatabase.java:186)
	at org.apache.derby.impl.services.monitor.BaseMonitor.boot(BaseMonitor.java:2002)
	at org.apache.derby.impl.services.monitor.TopService.bootModule(TopService.java:334)
	at org.apache.derby.impl.services.monitor.BaseMonitor.bootService(BaseMonitor.java:1830)
	at org.apache.derby.impl.services.monitor.BaseMonitor.startProviderService(BaseMonitor.java:1696)
	at org.apache.derby.impl.services.monitor.BaseMonitor.findProviderAndStartService(BaseMonitor.java:1529)
	at org.apache.derby.impl.services.monitor.BaseMonitor.startPersistentService(BaseMonitor.java:999)
	at org.apache.derby.iapi.services.monitor.Monitor.startPersistentService(Monitor.java:598)
	at org.apache.derby.impl.jdbc.EmbedConnection$4.run(EmbedConnection.java:4042)
	at org.apache.derby.impl.jdbc.EmbedConnection$4.run(EmbedConnection.java:4038)
	at java.base/java.security.AccessController.doPrivileged(Native Method)
	at org.apache.derby.impl.jdbc.EmbedConnection.startPersistentService(EmbedConnection.java:4036)
	at org.apache.derby.impl.jdbc.EmbedConnection.bootDatabase(EmbedConnection.java:2816)
	... 27 more
Caused by: java.io.IOException: The cloud operation was not completed before the time-out period expired
	at java.base/java.io.RandomAccessFile.read0(Native Method)
	at java.base/java.io.RandomAccessFile.read(RandomAccessFile.java:366)
	at java.base/java.io.RandomAccessFile.readInt(RandomAccessFile.java:832)
	at org.apache.derby.impl.store.raw.log.Scan.getNextRecordForward(Scan.java:625)
	at org.apache.derby.impl.store.raw.log.Scan.getNextRecord(Scan.java:206)
	... 61 more
============= begin nested exception, level (1) ===========
java.sql.SQLException: Log Corrupted, has invalid data in the log stream.
	at org.apache.derby.impl.jdbc.SQLExceptionFactory.getSQLException(SQLExceptionFactory.java:115)
	at org.apache.derby.impl.jdbc.Util.generateCsSQLException(Util.java:230)
	at org.apache.derby.impl.jdbc.EmbedConnection.bootDatabase(EmbedConnection.java:2849)
	at org.apache.derby.impl.jdbc.EmbedConnection.<init>(EmbedConnection.java:411)
	at org.apache.derby.iapi.jdbc.InternalDriver$1.run(InternalDriver.java:660)
	at org.apache.derby.iapi.jdbc.InternalDriver$1.run(InternalDriver.java:656)
	at java.base/java.security.AccessController.doPrivileged(Native Method)
	at org.apache.derby.iapi.jdbc.InternalDriver.getNewEmbedConnection(InternalDriver.java:654)
	at org.apache.derby.iapi.jdbc.InternalDriver.connect(InternalDriver.java:300)
	at org.apache.derby.iapi.jdbc.InternalDriver.connect(InternalDriver.java:967)
	at org.apache.derby.jdbc.EmbeddedDriver.connect(EmbeddedDriver.java:125)
	at com.intellij.database.remote.jdbc.helpers.JdbcHelperImpl.connect(JdbcHelperImpl.java:639)
	at com.intellij.database.remote.jdbc.impl.RemoteDriverImpl.connect(RemoteDriverImpl.java:54)
	at java.base/jdk.internal.reflect.NativeMethodAccessorImpl.invoke0(Native Method)
	at java.base/jdk.internal.reflect.NativeMethodAccessorImpl.invoke(NativeMethodAccessorImpl.java:62)
	at java.base/jdk.internal.reflect.DelegatingMethodAccessorImpl.invoke(DelegatingMethodAccessorImpl.java:43)
	at java.base/java.lang.reflect.Method.invoke(Method.java:566)
	at java.rmi/sun.rmi.server.UnicastServerRef.dispatch(UnicastServerRef.java:359)
	at java.rmi/sun.rmi.transport.Transport$1.run(Transport.java:200)
	at java.rmi/sun.rmi.transport.Transport$1.run(Transport.java:197)
	at java.base/java.security.AccessController.doPrivileged(Native Method)
	at java.rmi/sun.rmi.transport.Transport.serviceCall(Transport.java:196)
	at java.rmi/sun.rmi.transport.tcp.TCPTransport.handleMessages(TCPTransport.java:562)
	at java.rmi/sun.rmi.transport.tcp.TCPTransport$ConnectionHandler.run0(TCPTransport.java:796)
	at java.rmi/sun.rmi.transport.tcp.TCPTransport$ConnectionHandler.lambda$run$0(TCPTransport.java:677)
	at java.base/java.security.AccessController.doPrivileged(Native Method)
	at java.rmi/sun.rmi.transport.tcp.TCPTransport$ConnectionHandler.run(TCPTransport.java:676)
	at java.base/java.util.concurrent.ThreadPoolExecutor.runWorker(ThreadPoolExecutor.java:1128)
	at java.base/java.util.concurrent.ThreadPoolExecutor$Worker.run(ThreadPoolExecutor.java:628)
	at java.base/java.lang.Thread.run(Thread.java:829)
Caused by: ERROR XSLA3: Log Corrupted, has invalid data in the log stream.
	at org.apache.derby.shared.common.error.StandardException.newException(StandardException.java:300)
	at org.apache.derby.impl.store.raw.log.Scan.getNextRecord(Scan.java:217)
	at org.apache.derby.impl.store.raw.log.FileLogger.redo(FileLogger.java:1175)
	at org.apache.derby.impl.store.raw.log.LogToFile.recover(LogToFile.java:917)
	at org.apache.derby.impl.store.raw.RawStore.boot(RawStore.java:339)
	at org.apache.derby.impl.services.monitor.BaseMonitor.boot(BaseMonitor.java:2002)
	at org.apache.derby.impl.services.monitor.TopService.bootModule(TopService.java:334)
	at org.apache.derby.impl.services.monitor.BaseMonitor.startModule(BaseMonitor.java:538)
	at org.apache.derby.impl.services.monitor.FileMonitor.startModule(FileMonitor.java:48)
	at org.apache.derby.iapi.services.monitor.Monitor.bootServiceModule(Monitor.java:460)
	at org.apache.derby.impl.store.access.RAMAccessManager$5.run(RAMAccessManager.java:1393)
	at java.base/java.security.AccessController.doPrivileged(Native Method)
	at org.apache.derby.impl.store.access.RAMAccessManager.bootServiceModule(RAMAccessManager.java:1387)
	at org.apache.derby.impl.store.access.RAMAccessManager.boot(RAMAccessManager.java:1039)
	at org.apache.derby.impl.services.monitor.BaseMonitor.boot(BaseMonitor.java:2002)
	at org.apache.derby.impl.services.monitor.TopService.bootModule(TopService.java:334)
	at org.apache.derby.impl.services.monitor.BaseMonitor.startModule(BaseMonitor.java:538)
	at org.apache.derby.impl.services.monitor.FileMonitor.startModule(FileMonitor.java:48)
	at org.apache.derby.iapi.services.monitor.Monitor.bootServiceModule(Monitor.java:460)
	at org.apache.derby.impl.db.BasicDatabase$5.run(BasicDatabase.java:1001)
	at java.base/java.security.AccessController.doPrivileged(Native Method)
	at org.apache.derby.impl.db.BasicDatabase.bootServiceModule(BasicDatabase.java:995)
	at org.apache.derby.impl.db.BasicDatabase.bootStore(BasicDatabase.java:777)
	at org.apache.derby.impl.db.BasicDatabase.boot(BasicDatabase.java:186)
	at org.apache.derby.impl.services.monitor.BaseMonitor.boot(BaseMonitor.java:2002)
	at org.apache.derby.impl.services.monitor.TopService.bootModule(TopService.java:334)
	at org.apache.derby.impl.services.monitor.BaseMonitor.bootService(BaseMonitor.java:1830)
	at org.apache.derby.impl.services.monitor.BaseMonitor.startProviderService(BaseMonitor.java:1696)
	at org.apache.derby.impl.services.monitor.BaseMonitor.findProviderAndStartService(BaseMonitor.java:1529)
	at org.apache.derby.impl.services.monitor.BaseMonitor.startPersistentService(BaseMonitor.java:999)
	at org.apache.derby.iapi.services.monitor.Monitor.startPersistentService(Monitor.java:598)
	at org.apache.derby.impl.jdbc.EmbedConnection$4.run(EmbedConnection.java:4042)
	at org.apache.derby.impl.jdbc.EmbedConnection$4.run(EmbedConnection.java:4038)
	at java.base/java.security.AccessController.doPrivileged(Native Method)
	at org.apache.derby.impl.jdbc.EmbedConnection.startPersistentService(EmbedConnection.java:4036)
	at org.apache.derby.impl.jdbc.EmbedConnection.bootDatabase(EmbedConnection.java:2816)
	... 27 more
Caused by: java.io.IOException: The cloud operation was not completed before the time-out period expired
	at java.base/java.io.RandomAccessFile.read0(Native Method)
	at java.base/java.io.RandomAccessFile.read(RandomAccessFile.java:366)
	at java.base/java.io.RandomAccessFile.readInt(RandomAccessFile.java:832)
	at org.apache.derby.impl.store.raw.log.Scan.getNextRecordForward(Scan.java:625)
	at org.apache.derby.impl.store.raw.log.Scan.getNextRecord(Scan.java:206)
	... 61 more
============= end nested exception, level (1) ===========
============= begin nested exception, level (2) ===========
ERROR XSLA3: Log Corrupted, has invalid data in the log stream.
	at org.apache.derby.shared.common.error.StandardException.newException(StandardException.java:300)
	at org.apache.derby.impl.store.raw.log.Scan.getNextRecord(Scan.java:217)
	at org.apache.derby.impl.store.raw.log.FileLogger.redo(FileLogger.java:1175)
	at org.apache.derby.impl.store.raw.log.LogToFile.recover(LogToFile.java:917)
	at org.apache.derby.impl.store.raw.RawStore.boot(RawStore.java:339)
	at org.apache.derby.impl.services.monitor.BaseMonitor.boot(BaseMonitor.java:2002)
	at org.apache.derby.impl.services.monitor.TopService.bootModule(TopService.java:334)
	at org.apache.derby.impl.services.monitor.BaseMonitor.startModule(BaseMonitor.java:538)
	at org.apache.derby.impl.services.monitor.FileMonitor.startModule(FileMonitor.java:48)
	at org.apache.derby.iapi.services.monitor.Monitor.bootServiceModule(Monitor.java:460)
	at org.apache.derby.impl.store.access.RAMAccessManager$5.run(RAMAccessManager.java:1393)
	at java.base/java.security.AccessController.doPrivileged(Native Method)
	at org.apache.derby.impl.store.access.RAMAccessManager.bootServiceModule(RAMAccessManager.java:1387)
	at org.apache.derby.impl.store.access.RAMAccessManager.boot(RAMAccessManager.java:1039)
	at org.apache.derby.impl.services.monitor.BaseMonitor.boot(BaseMonitor.java:2002)
	at org.apache.derby.impl.services.monitor.TopService.bootModule(TopService.java:334)
	at org.apache.derby.impl.services.monitor.BaseMonitor.startModule(BaseMonitor.java:538)
	at org.apache.derby.impl.services.monitor.FileMonitor.startModule(FileMonitor.java:48)
	at org.apache.derby.iapi.services.monitor.Monitor.bootServiceModule(Monitor.java:460)
	at org.apache.derby.impl.db.BasicDatabase$5.run(BasicDatabase.java:1001)
	at java.base/java.security.AccessController.doPrivileged(Native Method)
	at org.apache.derby.impl.db.BasicDatabase.bootServiceModule(BasicDatabase.java:995)
	at org.apache.derby.impl.db.BasicDatabase.bootStore(BasicDatabase.java:777)
	at org.apache.derby.impl.db.BasicDatabase.boot(BasicDatabase.java:186)
	at org.apache.derby.impl.services.monitor.BaseMonitor.boot(BaseMonitor.java:2002)
	at org.apache.derby.impl.services.monitor.TopService.bootModule(TopService.java:334)
	at org.apache.derby.impl.services.monitor.BaseMonitor.bootService(BaseMonitor.java:1830)
	at org.apache.derby.impl.services.monitor.BaseMonitor.startProviderService(BaseMonitor.java:1696)
	at org.apache.derby.impl.services.monitor.BaseMonitor.findProviderAndStartService(BaseMonitor.java:1529)
	at org.apache.derby.impl.services.monitor.BaseMonitor.startPersistentService(BaseMonitor.java:999)
	at org.apache.derby.iapi.services.monitor.Monitor.startPersistentService(Monitor.java:598)
	at org.apache.derby.impl.jdbc.EmbedConnection$4.run(EmbedConnection.java:4042)
	at org.apache.derby.impl.jdbc.EmbedConnection$4.run(EmbedConnection.java:4038)
	at java.base/java.security.AccessController.doPrivileged(Native Method)
	at org.apache.derby.impl.jdbc.EmbedConnection.startPersistentService(EmbedConnection.java:4036)
	at org.apache.derby.impl.jdbc.EmbedConnection.bootDatabase(EmbedConnection.java:2816)
	at org.apache.derby.impl.jdbc.EmbedConnection.<init>(EmbedConnection.java:411)
	at org.apache.derby.iapi.jdbc.InternalDriver$1.run(InternalDriver.java:660)
	at org.apache.derby.iapi.jdbc.InternalDriver$1.run(InternalDriver.java:656)
	at java.base/java.security.AccessController.doPrivileged(Native Method)
	at org.apache.derby.iapi.jdbc.InternalDriver.getNewEmbedConnection(InternalDriver.java:654)
	at org.apache.derby.iapi.jdbc.InternalDriver.connect(InternalDriver.java:300)
	at org.apache.derby.iapi.jdbc.InternalDriver.connect(InternalDriver.java:967)
	at org.apache.derby.jdbc.EmbeddedDriver.connect(EmbeddedDriver.java:125)
	at com.intellij.database.remote.jdbc.helpers.JdbcHelperImpl.connect(JdbcHelperImpl.java:639)
	at com.intellij.database.remote.jdbc.impl.RemoteDriverImpl.connect(RemoteDriverImpl.java:54)
	at java.base/jdk.internal.reflect.NativeMethodAccessorImpl.invoke0(Native Method)
	at java.base/jdk.internal.reflect.NativeMethodAccessorImpl.invoke(NativeMethodAccessorImpl.java:62)
	at java.base/jdk.internal.reflect.DelegatingMethodAccessorImpl.invoke(DelegatingMethodAccessorImpl.java:43)
	at java.base/java.lang.reflect.Method.invoke(Method.java:566)
	at java.rmi/sun.rmi.server.UnicastServerRef.dispatch(UnicastServerRef.java:359)
	at java.rmi/sun.rmi.transport.Transport$1.run(Transport.java:200)
	at java.rmi/sun.rmi.transport.Transport$1.run(Transport.java:197)
	at java.base/java.security.AccessController.doPrivileged(Native Method)
	at java.rmi/sun.rmi.transport.Transport.serviceCall(Transport.java:196)
	at java.rmi/sun.rmi.transport.tcp.TCPTransport.handleMessages(TCPTransport.java:562)
	at java.rmi/sun.rmi.transport.tcp.TCPTransport$ConnectionHandler.run0(TCPTransport.java:796)
	at java.rmi/sun.rmi.transport.tcp.TCPTransport$ConnectionHandler.lambda$run$0(TCPTransport.java:677)
	at java.base/java.security.AccessController.doPrivileged(Native Method)
	at java.rmi/sun.rmi.transport.tcp.TCPTransport$ConnectionHandler.run(TCPTransport.java:676)
	at java.base/java.util.concurrent.ThreadPoolExecutor.runWorker(ThreadPoolExecutor.java:1128)
	at java.base/java.util.concurrent.ThreadPoolExecutor$Worker.run(ThreadPoolExecutor.java:628)
	at java.base/java.lang.Thread.run(Thread.java:829)
Caused by: java.io.IOException: The cloud operation was not completed before the time-out period expired
	at java.base/java.io.RandomAccessFile.read0(Native Method)
	at java.base/java.io.RandomAccessFile.read(RandomAccessFile.java:366)
	at java.base/java.io.RandomAccessFile.readInt(RandomAccessFile.java:832)
	at org.apache.derby.impl.store.raw.log.Scan.getNextRecordForward(Scan.java:625)
	at org.apache.derby.impl.store.raw.log.Scan.getNextRecord(Scan.java:206)
	... 61 more
============= end nested exception, level (2) ===========
============= begin nested exception, level (3) ===========
java.io.IOException: The cloud operation was not completed before the time-out period expired
	at java.base/java.io.RandomAccessFile.read0(Native Method)
	at java.base/java.io.RandomAccessFile.read(RandomAccessFile.java:366)
	at java.base/java.io.RandomAccessFile.readInt(RandomAccessFile.java:832)
	at org.apache.derby.impl.store.raw.log.Scan.getNextRecordForward(Scan.java:625)
	at org.apache.derby.impl.store.raw.log.Scan.getNextRecord(Scan.java:206)
	at org.apache.derby.impl.store.raw.log.FileLogger.redo(FileLogger.java:1175)
	at org.apache.derby.impl.store.raw.log.LogToFile.recover(LogToFile.java:917)
	at org.apache.derby.impl.store.raw.RawStore.boot(RawStore.java:339)
	at org.apache.derby.impl.services.monitor.BaseMonitor.boot(BaseMonitor.java:2002)
	at org.apache.derby.impl.services.monitor.TopService.bootModule(TopService.java:334)
	at org.apache.derby.impl.services.monitor.BaseMonitor.startModule(BaseMonitor.java:538)
	at org.apache.derby.impl.services.monitor.FileMonitor.startModule(FileMonitor.java:48)
	at org.apache.derby.iapi.services.monitor.Monitor.bootServiceModule(Monitor.java:460)
	at org.apache.derby.impl.store.access.RAMAccessManager$5.run(RAMAccessManager.java:1393)
	at java.base/java.security.AccessController.doPrivileged(Native Method)
	at org.apache.derby.impl.store.access.RAMAccessManager.bootServiceModule(RAMAccessManager.java:1387)
	at org.apache.derby.impl.store.access.RAMAccessManager.boot(RAMAccessManager.java:1039)
	at org.apache.derby.impl.services.monitor.BaseMonitor.boot(BaseMonitor.java:2002)
	at org.apache.derby.impl.services.monitor.TopService.bootModule(TopService.java:334)
	at org.apache.derby.impl.services.monitor.BaseMonitor.startModule(BaseMonitor.java:538)
	at org.apache.derby.impl.services.monitor.FileMonitor.startModule(FileMonitor.java:48)
	at org.apache.derby.iapi.services.monitor.Monitor.bootServiceModule(Monitor.java:460)
	at org.apache.derby.impl.db.BasicDatabase$5.run(BasicDatabase.java:1001)
	at java.base/java.security.AccessController.doPrivileged(Native Method)
	at org.apache.derby.impl.db.BasicDatabase.bootServiceModule(BasicDatabase.java:995)
	at org.apache.derby.impl.db.BasicDatabase.bootStore(BasicDatabase.java:777)
	at org.apache.derby.impl.db.BasicDatabase.boot(BasicDatabase.java:186)
	at org.apache.derby.impl.services.monitor.BaseMonitor.boot(BaseMonitor.java:2002)
	at org.apache.derby.impl.services.monitor.TopService.bootModule(TopService.java:334)
	at org.apache.derby.impl.services.monitor.BaseMonitor.bootService(BaseMonitor.java:1830)
	at org.apache.derby.impl.services.monitor.BaseMonitor.startProviderService(BaseMonitor.java:1696)
	at org.apache.derby.impl.services.monitor.BaseMonitor.findProviderAndStartService(BaseMonitor.java:1529)
	at org.apache.derby.impl.services.monitor.BaseMonitor.startPersistentService(BaseMonitor.java:999)
	at org.apache.derby.iapi.services.monitor.Monitor.startPersistentService(Monitor.java:598)
	at org.apache.derby.impl.jdbc.EmbedConnection$4.run(EmbedConnection.java:4042)
	at org.apache.derby.impl.jdbc.EmbedConnection$4.run(EmbedConnection.java:4038)
	at java.base/java.security.AccessController.doPrivileged(Native Method)
	at org.apache.derby.impl.jdbc.EmbedConnection.startPersistentService(EmbedConnection.java:4036)
	at org.apache.derby.impl.jdbc.EmbedConnection.bootDatabase(EmbedConnection.java:2816)
	at org.apache.derby.impl.jdbc.EmbedConnection.<init>(EmbedConnection.java:411)
	at org.apache.derby.iapi.jdbc.InternalDriver$1.run(InternalDriver.java:660)
	at org.apache.derby.iapi.jdbc.InternalDriver$1.run(InternalDriver.java:656)
	at java.base/java.security.AccessController.doPrivileged(Native Method)
	at org.apache.derby.iapi.jdbc.InternalDriver.getNewEmbedConnection(InternalDriver.java:654)
	at org.apache.derby.iapi.jdbc.InternalDriver.connect(InternalDriver.java:300)
	at org.apache.derby.iapi.jdbc.InternalDriver.connect(InternalDriver.java:967)
	at org.apache.derby.jdbc.EmbeddedDriver.connect(EmbeddedDriver.java:125)
	at com.intellij.database.remote.jdbc.helpers.JdbcHelperImpl.connect(JdbcHelperImpl.java:639)
	at com.intellij.database.remote.jdbc.impl.RemoteDriverImpl.connect(RemoteDriverImpl.java:54)
	at java.base/jdk.internal.reflect.NativeMethodAccessorImpl.invoke0(Native Method)
	at java.base/jdk.internal.reflect.NativeMethodAccessorImpl.invoke(NativeMethodAccessorImpl.java:62)
	at java.base/jdk.internal.reflect.DelegatingMethodAccessorImpl.invoke(DelegatingMethodAccessorImpl.java:43)
	at java.base/java.lang.reflect.Method.invoke(Method.java:566)
	at java.rmi/sun.rmi.server.UnicastServerRef.dispatch(UnicastServerRef.java:359)
	at java.rmi/sun.rmi.transport.Transport$1.run(Transport.java:200)
	at java.rmi/sun.rmi.transport.Transport$1.run(Transport.java:197)
	at java.base/java.security.AccessController.doPrivileged(Native Method)
	at java.rmi/sun.rmi.transport.Transport.serviceCall(Transport.java:196)
	at java.rmi/sun.rmi.transport.tcp.TCPTransport.handleMessages(TCPTransport.java:562)
	at java.rmi/sun.rmi.transport.tcp.TCPTransport$ConnectionHandler.run0(TCPTransport.java:796)
	at java.rmi/sun.rmi.transport.tcp.TCPTransport$ConnectionHandler.lambda$run$0(TCPTransport.java:677)
	at java.base/java.security.AccessController.doPrivileged(Native Method)
	at java.rmi/sun.rmi.transport.tcp.TCPTransport$ConnectionHandler.run(TCPTransport.java:676)
	at java.base/java.util.concurrent.ThreadPoolExecutor.runWorker(ThreadPoolExecutor.java:1128)
	at java.base/java.util.concurrent.ThreadPoolExecutor$Worker.run(ThreadPoolExecutor.java:628)
	at java.base/java.lang.Thread.run(Thread.java:829)
============= end nested exception, level (3) ===========
Cleanup action completed
----------------------------------------------------------------
Mon Apr 11 02:06:49 UTC 2022:
Booting Derby version The Apache Software Foundation - Apache Derby - 10.15.2.0 - (1873585): instance 601a400f-0180-165f-9923-000007603bb0 
on database directory C:\Users\ediso\OneDrive\Documents\GitHub\WumboWhowies\wApplication\myDB with class loader jdk.internal.loader.ClassLoaders$AppClassLoader@7aec35a 
Loaded from file:/C:/Users/ediso/AppData/Roaming/JetBrains/IntelliJIdea2021.3/jdbc-drivers/Apache%20Derby/10.15.2.0/derby-10.15.2.0.jar
java.vendor=JetBrains s.r.o.
java.runtime.version=11.0.13+7-b1751.25
user.dir=C:\Users\ediso\OneDrive\Documents\GitHub\WumboWhowies
os.name=Windows 11
os.arch=amd64
os.version=10.0
derby.system.home=null
Database Class Loader started - derby.database.classpath=''
